BEXP%26x=NASDAQ%26i=300%26p=2d%26f=d,c,v,o,h,l%26df=cpct%26auto=1%26ts=1325775743859
CAKE%26x=NASDAQ%26i=300%26p=2d%26f=d,c,v,o,h,l%26df=cpct%26auto=1%26ts=1325775747656
BMRN%26x=NASDAQ%26i=300%26p=2d%26f=d,c,v,o,h,l%26df=cpct%26auto=1%26ts=1325775748062
DRV%26x=NYSE%26i=300%26p=2d%26f=d,c,v,o,h,l%26df=cpct%26auto=1%26ts=1325775753125
EDZ%26x=NYSE%26i=300%26p=2d%26f=d,c,v,o,h,l%26df=cpct%26auto=1%26ts=1325775755453
EBIX%26x=NASDAQ%26i=300%26p=2d%26f=d,c,v,o,h,l%26df=cpct%26auto=1%26ts=1325775755156
DUG%26x=NYSE%26i=300%26p=2d%26f=d,c,v,o,h,l%26df=cpct%26auto=1%26ts=1325775755265 
CSL%26x=NYSE%26i=300%26p=2d%26f=d,c,v,o,h,l%26df=cpct%26auto=1%26ts=1325775748375
EDC%26x=NYSE%26i=300%26p=2d%26f=d,c,v,o,h,l%26df=cpct%26auto=1%26ts=1325775760609
ERY%26x=NYSE%26i=300%26p=2d%26f=d,c,v,o,h,l%26df=cpct%26auto=1%26ts=1325775761203
FXI%26x=NYSE%26i=300%26p=2d%26f=d,c,v,o,h,l%26df=cpct%26auto=1%26ts=1325775763484
FAS%26x=NYSE%26i=300%26p=2d%26f=d,c,v,o,h,l%26df=cpct%26auto=1%26ts=1325775765421
HRBN%26x=NASDAQ%26i=300%26p=2d%26f=d,c,v,o,h,l%26df=cpct%26auto=1%26ts=1325775770937
HSNI%26x=NASDAQ%26i=300%26p=2d%26f=d,c,v,o,h,l%26df=cpct%26auto=1%26ts=1325775771765
IEX%26x=NYSE%26i=300%26p=2d%26f=d,c,v,o,h,l%26df=cpct%26auto=1%26ts=1325775772218
HLS%26x=NYSE%26i=300%26p=2d%26f=d,c,v,o,h,l%26df=cpct%26auto=1%26ts=1325775772312
IP%26x=NYSE%26i=300%26p=2d%26f=d,c,v,o,h,l%26df=cpct%26auto=1%26ts=1325775773546
INSU%26x=NASDAQ%26i=300%26p=2d%26f=d,c,v,o,h,l%26df=cpct%26auto=1%26ts=1325775774906
LRCX%26x=NASDAQ%26i=300%26p=2d%26f=d,c,v,o,h,l%26df=cpct%26auto=1%26ts=1325775780453
LTD%26x=NYSE%26i=300%26p=2d%26f=d,c,v,o,h,l%26df=cpct%26auto=1%26ts=1325775781484
GDXJ%26x=NYSE%26i=300%26p=2d%26f=d,c,v,o,h,l%26df=cpct%26auto=1%26ts=1325775784781
LPNT%26x=NASDAQ%26i=300%26p=2d%26f=d,c,v,o,h,l%26df=cpct%26auto=1%26ts=1325775784781
NLC%26x=NYSE%26i=300%26p=2d%26f=d,c,v,o,h,l%26df=cpct%26auto=1%26ts=1325775789468
PNR%26x=NYSE%26i=300%26p=2d%26f=d,c,v,o,h,l%26df=cpct%26auto=1%26ts=1325775799203
QLIK%26x=NASDAQ%26i=300%26p=2d%26f=d,c,v,o,h,l%26df=cpct%26auto=1%26ts=1325775799921
PPDI%26x=NASDAQ%26i=300%26p=2d%26f=d,c,v,o,h,l%26df=cpct%26auto=1%26ts=1325775801343
RCI%26x=NYSE%26i=300%26p=2d%26f=d,c,v,o,h,l%26df=cpct%26auto=1%26ts=1325775800453
RAX%26x=NYSE%26i=300%26p=2d%26f=d,c,v,o,h,l%26df=cpct%26auto=1%26ts=1325775800562
PCAR%26x=NASDAQ%26i=300%26p=2d%26f=d,c,v,o,h,l%26df=cpct%26auto=1%26ts=1325775801546
PRSP%26x=NASDAQ%26i=300%26p=2d%26f=d,c,v,o,h,l%26df=cpct%26auto=1%26ts=1325775801734
RWM%26x=NYSE%26i=300%26p=2d%26f=d,c,v,o,h,l%26df=cpct%26auto=1%26ts=1325775803953
RSX%26x=NYSE%26i=300%26p=2d%26f=d,c,v,o,h,l%26df=cpct%26auto=1%26ts=1325775806390
SLAB%26x=NASDAQ%26i=300%26p=2d%26f=d,c,v,o,h,l%26df=cpct%26auto=1%26ts=1325775808031
SDS%26x=NYSE%26i=300%26p=2d%26f=d,c,v,o,h,l%26df=cpct%26auto=1%26ts=1325775809437
RBCN%26x=NASDAQ%26i=300%26p=2d%26f=d,c,v,o,h,l%26df=cpct%26auto=1%26ts=1325775802640
SLV%26x=NYSE%26i=300%26p=2d%26f=d,c,v,o,h,l%26df=cpct%26auto=1%26ts=1325775809890
SPWRA%26x=NASDAQ%26i=300%26p=2d%26f=d,c,v,o,h,l%26df=cpct%26auto=1%26ts=1325775809453
TIBX%26x=NASDAQ%26i=300%26p=2d%26f=d,c,v,o,h,l%26df=cpct%26auto=1%26ts=1325775814453
TAM%26x=NYSE%26i=300%26p=2d%26f=d,c,v,o,h,l%26df=cpct%26auto=1%26ts=1325775813734
TBT%26x=NYSE%26i=300%26p=2d%26f=d,c,v,o,h,l%26df=cpct%26auto=1%26ts=1325775814937
SPXU%26x=NYSE%26i=300%26p=2d%26f=d,c,v,o,h,l%26df=cpct%26auto=1%26ts=1325775811125
TYH%26x=NYSE%26i=300%26p=2d%26f=d,c,v,o,h,l%26df=cpct%26auto=1%26ts=1325775818453
TMV%26x=NYSE%26i=300%26p=2d%26f=d,c,v,o,h,l%26df=cpct%26auto=1%26ts=1325775816562
UCO%26x=NYSE%26i=300%26p=2d%26f=d,c,v,o,h,l%26df=cpct%26auto=1%26ts=1325775819500
VXX%26x=NYSE%26i=300%26p=2d%26f=d,c,v,o,h,l%26df=cpct%26auto=1%26ts=1325775823453
UWM%26x=NYSE%26i=300%26p=2d%26f=d,c,v,o,h,l%26df=cpct%26auto=1%26ts=1325775827281
UYM%26x=NYSE%26i=300%26p=2d%26f=d,c,v,o,h,l%26df=cpct%26auto=1%26ts=1325775827609
WNR%26x=NYSE%26i=300%26p=2d%26f=d,c,v,o,h,l%26df=cpct%26auto=1%26ts=1325775828093
USO%26x=NYSE%26i=300%26p=2d%26f=d,c,v,o,h,l%26df=cpct%26auto=1%26ts=1325775828062
WTI%26x=NYSE%26i=300%26p=2d%26f=d,c,v,o,h,l%26df=cpct%26auto=1%26ts=1325775828687
WWWW%26x=NASDAQ%26i=300%26p=2d%26f=d,c,v,o,h,l%26df=cpct%26auto=1%26ts=1325775828328
XLI%26x=NYSE%26i=300%26p=2d%26f=d,c,v,o,h,l%26df=cpct%26auto=1%26ts=1325775828453
YOKU%26x=NYSE%26i=300%26p=2d%26f=d,c,v,o,h,l%26df=cpct%26auto=1%26ts=1325775829453
WDC%26x=NYSE%26i=300%26p=2d%26f=d,c,v,o,h,l%26df=cpct%26auto=1%26ts=1325775827437
WYN%26x=NYSE%26i=300%26p=2d%26f=d,c,v,o,h,l%26df=cpct%26auto=1%26ts=1325775829953
XLY%26x=NYSE%26i=300%26p=2d%26f=d,c,v,o,h,l%26df=cpct%26auto=1%26ts=1325775831031
ZAGG%26x=NASDAQ%26i=300%26p=2d%26f=d,c,v,o,h,l%26df=cpct%26auto=1%26ts=1325775831187
ZSL%26x=NYSE%26i=300%26p=2d%26f=d,c,v,o,h,l%26df=cpct%26auto=1%26ts=1325775831421
SMH%26x=NYSE%26i=300%26p=2d%26f=d,c,v,o,h,l%26df=cpct%26auto=1%26ts=1325775834656
XLB%26x=NYSE%26i=300%26p=2d%26f=d,c,v,o,h,l%26df=cpct%26auto=1%26ts=1325775842593
BEXP%26x=NASDAQ%26i=300%26p=2d%26f=d,c,v,o,h,l%26df=cpct%26auto=1%26ts=1325775873515
EDZ%26x=NYSE%26i=300%26p=2d%26f=d,c,v,o,h,l%26df=cpct%26auto=1%26ts=1325775881140
EDC%26x=NYSE%26i=300%26p=2d%26f=d,c,v,o,h,l%26df=cpct%26auto=1%26ts=1325775883468
DRV%26x=NYSE%26i=300%26p=2d%26f=d,c,v,o,h,l%26df=cpct%26auto=1%26ts=1325775885250
DUG%26x=NYSE%26i=300%26p=2d%26f=d,c,v,o,h,l%26df=cpct%26auto=1%26ts=1325775885671
ERY%26x=NYSE%26i=300%26p=2d%26f=d,c,v,o,h,l%26df=cpct%26auto=1%26ts=1325775885718
FAS%26x=NYSE%26i=300%26p=2d%26f=d,c,v,o,h,l%26df=cpct%26auto=1%26ts=1325775892531
HRBN%26x=NASDAQ%26i=300%26p=2d%26f=d,c,v,o,h,l%26df=cpct%26auto=1%26ts=1325775896406
INSU%26x=NASDAQ%26i=300%26p=2d%26f=d,c,v,o,h,l%26df=cpct%26auto=1%26ts=1325775901265
GDXJ%26x=NYSE%26i=300%26p=2d%26f=d,c,v,o,h,l%26df=cpct%26auto=1%26ts=1325775908656
LTD%26x=NYSE%26i=300%26p=2d%26f=d,c,v,o,h,l%26df=cpct%26auto=1%26ts=1325775904718
LPNT%26x=NASDAQ%26i=300%26p=2d%26f=d,c,v,o,h,l%26df=cpct%26auto=1%26ts=1325775915375
NLC%26x=NYSE%26i=300%26p=2d%26f=d,c,v,o,h,l%26df=cpct%26auto=1%26ts=1325775916250
PPDI%26x=NASDAQ%26i=300%26p=2d%26f=d,c,v,o,h,l%26df=cpct%26auto=1%26ts=1325775927031
PRSP%26x=NASDAQ%26i=300%26p=2d%26f=d,c,v,o,h,l%26df=cpct%26auto=1%26ts=1325775927421
RSX%26x=NYSE%26i=300%26p=2d%26f=d,c,v,o,h,l%26df=cpct%26auto=1%26ts=1325775928328
SLV%26x=NYSE%26i=300%26p=2d%26f=d,c,v,o,h,l%26df=cpct%26auto=1%26ts=1325775937046
SDS%26x=NYSE%26i=300%26p=2d%26f=d,c,v,o,h,l%26df=cpct%26auto=1%26ts=1325775937531
TIBX%26x=NASDAQ%26i=300%26p=2d%26f=d,c,v,o,h,l%26df=cpct%26auto=1%26ts=1325775938640
SPWRA%26x=NASDAQ%26i=300%26p=2d%26f=d,c,v,o,h,l%26df=cpct%26auto=1%26ts=1325775940187
RWM%26x=NYSE%26i=300%26p=2d%26f=d,c,v,o,h,l%26df=cpct%26auto=1%26ts=1325775940031
TYH%26x=NYSE%26i=300%26p=2d%26f=d,c,v,o,h,l%26df=cpct%26auto=1%26ts=1325775940843
TBT%26x=NYSE%26i=300%26p=2d%26f=d,c,v,o,h,l%26df=cpct%26auto=1%26ts=1325775941125
SPXU%26x=NYSE%26i=300%26p=2d%26f=d,c,v,o,h,l%26df=cpct%26auto=1%26ts=1325775940562
UCO%26x=NYSE%26i=300%26p=2d%26f=d,c,v,o,h,l%26df=cpct%26auto=1%26ts=1325775942203
TMV%26x=NYSE%26i=300%26p=2d%26f=d,c,v,o,h,l%26df=cpct%26auto=1%26ts=1325775945140
UWM%26x=NYSE%26i=300%26p=2d%26f=d,c,v,o,h,l%26df=cpct%26auto=1%26ts=1325775950328
UYM%26x=NYSE%26i=300%26p=2d%26f=d,c,v,o,h,l%26df=cpct%26auto=1%26ts=1325775950937
VXX%26x=NYSE%26i=300%26p=2d%26f=d,c,v,o,h,l%26df=cpct%26auto=1%26ts=1325775950906
WTI%26x=NYSE%26i=300%26p=2d%26f=d,c,v,o,h,l%26df=cpct%26auto=1%26ts=1325775954781
USO%26x=NYSE%26i=300%26p=2d%26f=d,c,v,o,h,l%26df=cpct%26auto=1%26ts=1325775956171
ZSL%26x=NYSE%26i=300%26p=2d%26f=d,c,v,o,h,l%26df=cpct%26auto=1%26ts=1325775958453
WWWW%26x=NASDAQ%26i=300%26p=2d%26f=d,c,v,o,h,l%26df=cpct%26auto=1%26ts=1325775963750
XLB%26x=NYSE%26i=300%26p=2d%26f=d,c,v,o,h,l%26df=cpct%26auto=1%26ts=1325775966843
SMH%26x=NYSE%26i=300%26p=2d%26f=d,c,v,o,h,l%26df=cpct%26auto=1%26ts=1325775960515
BEXP%26x=NASDAQ%26i=300%26p=2d%26f=d,c,v,o,h,l%26df=cpct%26auto=1%26ts=1325775996968
EDZ%26x=NYSE%26i=300%26p=2d%26f=d,c,v,o,h,l%26df=cpct%26auto=1%26ts=1325776007250
EDC%26x=NYSE%26i=300%26p=2d%26f=d,c,v,o,h,l%26df=cpct%26auto=1%26ts=1325776006234
DRV%26x=NYSE%26i=300%26p=2d%26f=d,c,v,o,h,l%26df=cpct%26auto=1%26ts=1325776009234
DUG%26x=NYSE%26i=300%26p=2d%26f=d,c,v,o,h,l%26df=cpct%26auto=1%26ts=1325776009531
ERY%26x=NYSE%26i=300%26p=2d%26f=d,c,v,o,h,l%26df=cpct%26auto=1%26ts=1325776011593
FAS%26x=NYSE%26i=300%26p=2d%26f=d,c,v,o,h,l%26df=cpct%26auto=1%26ts=1325776015000
HRBN%26x=NASDAQ%26i=300%26p=2d%26f=d,c,v,o,h,l%26df=cpct%26auto=1%26ts=1325776021265
INSU%26x=NASDAQ%26i=300%26p=2d%26f=d,c,v,o,h,l%26df=cpct%26auto=1%26ts=1325776024234
NLC%26x=NYSE%26i=300%26p=2d%26f=d,c,v,o,h,l%26df=cpct%26auto=1%26ts=1325776039734
GDXJ%26x=NYSE%26i=300%26p=2d%26f=d,c,v,o,h,l%26df=cpct%26auto=1%26ts=1325776043046
PPDI%26x=NASDAQ%26i=300%26p=2d%26f=d,c,v,o,h,l%26df=cpct%26auto=1%26ts=1325776049187
PRSP%26x=NASDAQ%26i=300%26p=2d%26f=d,c,v,o,h,l%26df=cpct%26auto=1%26ts=1325776049640
RSX%26x=NYSE%26i=300%26p=2d%26f=d,c,v,o,h,l%26df=cpct%26auto=1%26ts=1325776050953
RHI%26x=NYSE%26i=300%26p=2d%26f=d,c,v,o,h,l%26df=cpct%26auto=1%26ts=1325776053312
RHT%26x=NYSE%26i=300%26p=2d%26f=d,c,v,o,h,l%26df=cpct%26auto=1%26ts=1325776055078
FXI%26x=NYSE%26i=300%26p=2d%26f=d,c,v,o,h,l%26df=cpct%26auto=1%26ts=1325776035875
SLV%26x=NYSE%26i=300%26p=2d%26f=d,c,v,o,h,l%26df=cpct%26auto=1%26ts=1325776061015
SDS%26x=NYSE%26i=300%26p=2d%26f=d,c,v,o,h,l%26df=cpct%26auto=1%26ts=1325776061062
SPWRA%26x=NASDAQ%26i=300%26p=2d%26f=d,c,v,o,h,l%26df=cpct%26auto=1%26ts=1325776064375
SPXU%26x=NYSE%26i=300%26p=2d%26f=d,c,v,o,h,l%26df=cpct%26auto=1%26ts=1325776065125
TBT%26x=NYSE%26i=300%26p=2d%26f=d,c,v,o,h,l%26df=cpct%26auto=1%26ts=1325776066859
TYH%26x=NYSE%26i=300%26p=2d%26f=d,c,v,o,h,l%26df=cpct%26auto=1%26ts=1325776066984
UWM%26x=NYSE%26i=300%26p=2d%26f=d,c,v,o,h,l%26df=cpct%26auto=1%26ts=1325776073218
TMV%26x=NYSE%26i=300%26p=2d%26f=d,c,v,o,h,l%26df=cpct%26auto=1%26ts=1325776078375
UYM%26x=NYSE%26i=300%26p=2d%26f=d,c,v,o,h,l%26df=cpct%26auto=1%26ts=1325776077203
UCO%26x=NYSE%26i=300%26p=2d%26f=d,c,v,o,h,l%26df=cpct%26auto=1%26ts=1325776071109
USO%26x=NYSE%26i=300%26p=2d%26f=d,c,v,o,h,l%26df=cpct%26auto=1%26ts=1325776086062
WWWW%26x=NASDAQ%26i=300%26p=2d%26f=d,c,v,o,h,l%26df=cpct%26auto=1%26ts=1325776089875
VXX%26x=NYSE%26i=300%26p=2d%26f=d,c,v,o,h,l%26df=cpct%26auto=1%26ts=1325776091031
XLB%26x=NYSE%26i=300%26p=2d%26f=d,c,v,o,h,l%26df=cpct%26auto=1%26ts=1325776094937
SMH%26x=NYSE%26i=300%26p=2d%26f=d,c,v,o,h,l%26df=cpct%26auto=1%26ts=1325776098015
ZSL%26x=NYSE%26i=300%26p=2d%26f=d,c,v,o,h,l%26df=cpct%26auto=1%26ts=1325776104656
AME%26x=NYSE%26i=300%26p=25m%26f=d,c,v,o,h,l%26df=cpct%26auto=1%26ts=1325776115218
BEXP%26x=NASDAQ%26i=300%26p=2d%26f=d,c,v,o,h,l%26df=cpct%26auto=1%26ts=1325776126156
EDC%26x=NYSE%26i=300%26p=2d%26f=d,c,v,o,h,l%26df=cpct%26auto=1%26ts=1325776137312
ERY%26x=NYSE%26i=300%26p=2d%26f=d,c,v,o,h,l%26df=cpct%26auto=1%26ts=1325776140359
EDZ%26x=NYSE%26i=300%26p=2d%26f=d,c,v,o,h,l%26df=cpct%26auto=1%26ts=1325776141046
DRV%26x=NYSE%26i=300%26p=2d%26f=d,c,v,o,h,l%26df=cpct%26auto=1%26ts=1325776143250
FAS%26x=NYSE%26i=300%26p=2d%26f=d,c,v,o,h,l%26df=cpct%26auto=1%26ts=1325776144578
DUG%26x=NYSE%26i=300%26p=2d%26f=d,c,v,o,h,l%26df=cpct%26auto=1%26ts=1325776144046
HRBN%26x=NASDAQ%26i=300%26p=2d%26f=d,c,v,o,h,l%26df=cpct%26auto=1%26ts=1325776147515
NLC%26x=NYSE%26i=300%26p=2d%26f=d,c,v,o,h,l%26df=cpct%26auto=1%26ts=1325776163343
GDXJ%26x=NYSE%26i=300%26p=2d%26f=d,c,v,o,h,l%26df=cpct%26auto=1%26ts=1325776166765
PPDI%26x=NASDAQ%26i=300%26p=2d%26f=d,c,v,o,h,l%26df=cpct%26auto=1%26ts=1325776172609
PRSP%26x=NASDAQ%26i=300%26p=2d%26f=d,c,v,o,h,l%26df=cpct%26auto=1%26ts=1325776172875
IP%26x=NYSE%26i=300%26p=2d%26f=d,c,v,o,h,l%26df=cpct%26auto=1%26ts=1325776174484
RSX%26x=NYSE%26i=300%26p=2d%26f=d,c,v,o,h,l%26df=cpct%26auto=1%26ts=1325776174375
XLI%26x=NYSE%26i=300%26p=2d%26f=d,c,v,o,h,l%26df=cpct%26auto=1%26ts=1325776177656
INSU%26x=NASDAQ%26i=300%26p=2d%26f=d,c,v,o,h,l%26df=cpct%26auto=1%26ts=1325776178718
XLY%26x=NYSE%26i=300%26p=2d%26f=d,c,v,o,h,l%26df=cpct%26auto=1%26ts=1325776182250
RHT%26x=NYSE%26i=300%26p=2d%26f=d,c,v,o,h,l%26df=cpct%26auto=1%26ts=1325776185906
SDS%26x=NYSE%26i=300%26p=2d%26f=d,c,v,o,h,l%26df=cpct%26auto=1%26ts=1325776185515
SLV%26x=NYSE%26i=300%26p=2d%26f=d,c,v,o,h,l%26df=cpct%26auto=1%26ts=1325776187593
SPWRA%26x=NASDAQ%26i=300%26p=2d%26f=d,c,v,o,h,l%26df=cpct%26auto=1%26ts=1325776190265
SPXU%26x=NYSE%26i=300%26p=2d%26f=d,c,v,o,h,l%26df=cpct%26auto=1%26ts=1325776190703
TBT%26x=NYSE%26i=300%26p=2d%26f=d,c,v,o,h,l%26df=cpct%26auto=1%26ts=1325776193890
TYH%26x=NYSE%26i=300%26p=2d%26f=d,c,v,o,h,l%26df=cpct%26auto=1%26ts=1325776209671
UWM%26x=NYSE%26i=300%26p=2d%26f=d,c,v,o,h,l%26df=cpct%26auto=1%26ts=1325776208546
TMV%26x=NYSE%26i=300%26p=2d%26f=d,c,v,o,h,l%26df=cpct%26auto=1%26ts=1325776209843
UYM%26x=NYSE%26i=300%26p=2d%26f=d,c,v,o,h,l%26df=cpct%26auto=1%26ts=1325776210140
USO%26x=NYSE%26i=300%26p=2d%26f=d,c,v,o,h,l%26df=cpct%26auto=1%26ts=1325776210609
UCO%26x=NYSE%26i=300%26p=2d%26f=d,c,v,o,h,l%26df=cpct%26auto=1%26ts=1325776214171
WWWW%26x=NASDAQ%26i=300%26p=2d%26f=d,c,v,o,h,l%26df=cpct%26auto=1%26ts=1325776217437
VXX%26x=NYSE%26i=300%26p=2d%26f=d,c,v,o,h,l%26df=cpct%26auto=1%26ts=1325776217906
XLB%26x=NYSE%26i=300%26p=2d%26f=d,c,v,o,h,l%26df=cpct%26auto=1%26ts=1325776219609
SMH%26x=NYSE%26i=300%26p=2d%26f=d,c,v,o,h,l%26df=cpct%26auto=1%26ts=1325776220781
ACI%26x=NYSE%26i=300%26p=25m%26f=d,c,v,o,h,l%26df=cpct%26auto=1%26ts=1325775996187
KRO%26x=NYSE%26i=300%26p=25m%26f=d,c,v,o,h,l%26df=cpct%26auto=1%26ts=1325776057562
ENOC%26x=NASDAQ%26i=300%26p=25m%26f=d,c,v,o,h,l%26df=cpct%26auto=1%26ts=1325776145859
FXI%26x=NYSE%26i=300%26p=2d%26f=d,c,v,o,h,l%26df=cpct%26auto=1%26ts=1325776254062
ZSL%26x=NYSE%26i=300%26p=2d%26f=d,c,v,o,h,l%26df=cpct%26auto=1%26ts=1325776254593
EDC%26x=NYSE%26i=300%26p=2d%26f=d,c,v,o,h,l%26df=cpct%26auto=1%26ts=1325776261062
.http://www.proxybrowsing.com Connection timed out: connect
ERY%26x=NYSE%26i=300%26p=2d%26f=d,c,v,o,h,l%26df=cpct%26auto=1%26ts=1325776264687
BEXP%26x=NASDAQ%26i=300%26p=2d%26f=d,c,v,o,h,l%26df=cpct%26auto=1%26ts=1325776269281
DRV%26x=NYSE%26i=300%26p=2d%26f=d,c,v,o,h,l%26df=cpct%26auto=1%26ts=1325776268078
DUG%26x=NYSE%26i=300%26p=2d%26f=d,c,v,o,h,l%26df=cpct%26auto=1%26ts=1325776270250
FAS%26x=NYSE%26i=300%26p=2d%26f=d,c,v,o,h,l%26df=cpct%26auto=1%26ts=1325776270796
NLC%26x=NYSE%26i=300%26p=2d%26f=d,c,v,o,h,l%26df=cpct%26auto=1%26ts=1325776295281
HRBN%26x=NASDAQ%26i=300%26p=2d%26f=d,c,v,o,h,l%26df=cpct%26auto=1%26ts=1325776292578
GDXJ%26x=NYSE%26i=300%26p=2d%26f=d,c,v,o,h,l%26df=cpct%26auto=1%26ts=1325776301609
RSX%26x=NYSE%26i=300%26p=2d%26f=d,c,v,o,h,l%26df=cpct%26auto=1%26ts=1325776301484
XLI%26x=NYSE%26i=300%26p=2d%26f=d,c,v,o,h,l%26df=cpct%26auto=1%26ts=1325776304234
XLY%26x=NYSE%26i=300%26p=2d%26f=d,c,v,o,h,l%26df=cpct%26auto=1%26ts=1325776304937
INSU%26x=NASDAQ%26i=300%26p=2d%26f=d,c,v,o,h,l%26df=cpct%26auto=1%26ts=1325776306421
PPDI%26x=NASDAQ%26i=300%26p=2d%26f=d,c,v,o,h,l%26df=cpct%26auto=1%26ts=1325776309859
SLV%26x=NYSE%26i=300%26p=2d%26f=d,c,v,o,h,l%26df=cpct%26auto=1%26ts=1325776310468
SDS%26x=NYSE%26i=300%26p=2d%26f=d,c,v,o,h,l%26df=cpct%26auto=1%26ts=1325776312453
PRSP%26x=NASDAQ%26i=300%26p=2d%26f=d,c,v,o,h,l%26df=cpct%26auto=1%26ts=1325776310468
SPWRA%26x=NASDAQ%26i=300%26p=2d%26f=d,c,v,o,h,l%26df=cpct%26auto=1%26ts=1325776318187
SPXU%26x=NYSE%26i=300%26p=2d%26f=d,c,v,o,h,l%26df=cpct%26auto=1%26ts=1325776318937
TBT%26x=NYSE%26i=300%26p=2d%26f=d,c,v,o,h,l%26df=cpct%26auto=1%26ts=1325776322234
RWM%26x=NYSE%26i=300%26p=2d%26f=d,c,v,o,h,l%26df=cpct%26auto=1%26ts=1325776315984
TMV%26x=NYSE%26i=300%26p=2d%26f=d,c,v,o,h,l%26df=cpct%26auto=1%26ts=1325776333843
UWM%26x=NYSE%26i=300%26p=2d%26f=d,c,v,o,h,l%26df=cpct%26auto=1%26ts=1325776336046
UYM%26x=NYSE%26i=300%26p=2d%26f=d,c,v,o,h,l%26df=cpct%26auto=1%26ts=1325776336531
TYH%26x=NYSE%26i=300%26p=2d%26f=d,c,v,o,h,l%26df=cpct%26auto=1%26ts=1325776338828
UCO%26x=NYSE%26i=300%26p=2d%26f=d,c,v,o,h,l%26df=cpct%26auto=1%26ts=1325776342265
SMH%26x=NYSE%26i=300%26p=2d%26f=d,c,v,o,h,l%26df=cpct%26auto=1%26ts=1325776343296
EDZ%26x=NYSE%26i=300%26p=2d%26f=d,c,v,o,h,l%26df=cpct%26auto=1%26ts=1325776347187
XLB%26x=NYSE%26i=300%26p=2d%26f=d,c,v,o,h,l%26df=cpct%26auto=1%26ts=1325776342390
VXX%26x=NYSE%26i=300%26p=2d%26f=d,c,v,o,h,l%26df=cpct%26auto=1%26ts=1325776350968
AH%26x=NYSE%26i=300%26p=25m%26f=d,c,v,o,h,l%26df=cpct%26auto=1%26ts=1325776363234
ZSL%26x=NYSE%26i=300%26p=2d%26f=d,c,v,o,h,l%26df=cpct%26auto=1%26ts=1325776379859
FXI%26x=NYSE%26i=300%26p=2d%26f=d,c,v,o,h,l%26df=cpct%26auto=1%26ts=1325776379671
ERY%26x=NYSE%26i=300%26p=2d%26f=d,c,v,o,h,l%26df=cpct%26auto=1%26ts=1325776391218
DRV%26x=NYSE%26i=300%26p=2d%26f=d,c,v,o,h,l%26df=cpct%26auto=1%26ts=1325776396578
BEXP%26x=NASDAQ%26i=300%26p=2d%26f=d,c,v,o,h,l%26df=cpct%26auto=1%26ts=1325776399281
DUG%26x=NYSE%26i=300%26p=2d%26f=d,c,v,o,h,l%26df=cpct%26auto=1%26ts=1325776398781
USO%26x=NYSE%26i=300%26p=2d%26f=d,c,v,o,h,l%26df=cpct%26auto=1%26ts=1325776401609
EDC%26x=NYSE%26i=300%26p=2d%26f=d,c,v,o,h,l%26df=cpct%26auto=1%26ts=1325776412265
FAS%26x=NYSE%26i=300%26p=2d%26f=d,c,v,o,h,l%26df=cpct%26auto=1%26ts=1325776404375
NLC%26x=NYSE%26i=300%26p=2d%26f=d,c,v,o,h,l%26df=cpct%26auto=1%26ts=1325776420265
NETL%26x=NASDAQ%26i=300%26p=25m%26f=d,c,v,o,h,l%26df=cpct%26auto=1%26ts=1325776423875
HRBN%26x=NASDAQ%26i=300%26p=2d%26f=d,c,v,o,h,l%26df=cpct%26auto=1%26ts=1325776425250
RSX%26x=NYSE%26i=300%26p=2d%26f=d,c,v,o,h,l%26df=cpct%26auto=1%26ts=1325776425437
GDXJ%26x=NYSE%26i=300%26p=2d%26f=d,c,v,o,h,l%26df=cpct%26auto=1%26ts=1325776427453
INSU%26x=NASDAQ%26i=300%26p=2d%26f=d,c,v,o,h,l%26df=cpct%26auto=1%26ts=1325776430437
XLI%26x=NYSE%26i=300%26p=2d%26f=d,c,v,o,h,l%26df=cpct%26auto=1%26ts=1325776430296
XLY%26x=NYSE%26i=300%26p=2d%26f=d,c,v,o,h,l%26df=cpct%26auto=1%26ts=1325776435015
SDS%26x=NYSE%26i=300%26p=2d%26f=d,c,v,o,h,l%26df=cpct%26auto=1%26ts=1325776436781
PPDI%26x=NASDAQ%26i=300%26p=2d%26f=d,c,v,o,h,l%26df=cpct%26auto=1%26ts=1325776440218
PRSP%26x=NASDAQ%26i=300%26p=2d%26f=d,c,v,o,h,l%26df=cpct%26auto=1%26ts=1325776440671
SPWRA%26x=NASDAQ%26i=300%26p=2d%26f=d,c,v,o,h,l%26df=cpct%26auto=1%26ts=1325776441578
TBT%26x=NYSE%26i=300%26p=2d%26f=d,c,v,o,h,l%26df=cpct%26auto=1%26ts=1325776448578
SPXU%26x=NYSE%26i=300%26p=2d%26f=d,c,v,o,h,l%26df=cpct%26auto=1%26ts=1325776442078
RWM%26x=NYSE%26i=300%26p=2d%26f=d,c,v,o,h,l%26df=cpct%26auto=1%26ts=1325776456515
C%26x=NYSE%26i=300%26p=25m%26f=d,c,v,o,h,l%26df=cpct%26auto=1%26ts=1325776425718
UWM%26x=NYSE%26i=300%26p=2d%26f=d,c,v,o,h,l%26df=cpct%26auto=1%26ts=1325776459718
UYM%26x=NYSE%26i=300%26p=2d%26f=d,c,v,o,h,l%26df=cpct%26auto=1%26ts=1325776460687
TMV%26x=NYSE%26i=300%26p=2d%26f=d,c,v,o,h,l%26df=cpct%26auto=1%26ts=1325776464984
SMH%26x=NYSE%26i=300%26p=2d%26f=d,c,v,o,h,l%26df=cpct%26auto=1%26ts=1325776467578
EDZ%26x=NYSE%26i=300%26p=2d%26f=d,c,v,o,h,l%26df=cpct%26auto=1%26ts=1325776472328
VXX%26x=NYSE%26i=300%26p=2d%26f=d,c,v,o,h,l%26df=cpct%26auto=1%26ts=1325776474250
TYH%26x=NYSE%26i=300%26p=2d%26f=d,c,v,o,h,l%26df=cpct%26auto=1%26ts=1325776485015
PXP%26x=NYSE%26i=300%26p=25m%26f=d,c,v,o,h,l%26df=cpct%26auto=1%26ts=1325776454312
UCO%26x=NYSE%26i=300%26p=2d%26f=d,c,v,o,h,l%26df=cpct%26auto=1%26ts=1325776486171
SLV%26x=NYSE%26i=300%26p=2d%26f=d,c,v,o,h,l%26df=cpct%26auto=1%26ts=1325776496515
XLB%26x=NYSE%26i=300%26p=2d%26f=d,c,v,o,h,l%26df=cpct%26auto=1%26ts=1325776496906
ZSL%26x=NYSE%26i=300%26p=2d%26f=d,c,v,o,h,l%26df=cpct%26auto=1%26ts=1325776506765
MW%26x=NYSE%26i=300%26p=25m%26f=d,c,v,o,h,l%26df=cpct%26auto=1%26ts=1325776463515
USO%26x=NYSE%26i=300%26p=2d%26f=d,c,v,o,h,l%26df=cpct%26auto=1%26ts=1325776524500
BEXP%26x=NASDAQ%26i=300%26p=2d%26f=d,c,v,o,h,l%26df=cpct%26auto=1%26ts=1325776530593
EDC%26x=NYSE%26i=300%26p=2d%26f=d,c,v,o,h,l%26df=cpct%26auto=1%26ts=1325776536187
ERY%26x=NYSE%26i=300%26p=2d%26f=d,c,v,o,h,l%26df=cpct%26auto=1%26ts=1325776514906
FXI%26x=NYSE%26i=300%26p=2d%26f=d,c,v,o,h,l%26df=cpct%26auto=1%26ts=1325776539312
DRV%26x=NYSE%26i=300%26p=2d%26f=d,c,v,o,h,l%26df=cpct%26auto=1%26ts=1325776540656
DUG%26x=NYSE%26i=300%26p=2d%26f=d,c,v,o,h,l%26df=cpct%26auto=1%26ts=1325776541046
NLC%26x=NYSE%26i=300%26p=2d%26f=d,c,v,o,h,l%26df=cpct%26auto=1%26ts=1325776542796
RSX%26x=NYSE%26i=300%26p=2d%26f=d,c,v,o,h,l%26df=cpct%26auto=1%26ts=1325776549984
GDXJ%26x=NYSE%26i=300%26p=2d%26f=d,c,v,o,h,l%26df=cpct%26auto=1%26ts=1325776551015
INSU%26x=NASDAQ%26i=300%26p=2d%26f=d,c,v,o,h,l%26df=cpct%26auto=1%26ts=1325776557484
XLI%26x=NYSE%26i=300%26p=2d%26f=d,c,v,o,h,l%26df=cpct%26auto=1%26ts=1325776557875
FAS%26x=NYSE%26i=300%26p=2d%26f=d,c,v,o,h,l%26df=cpct%26auto=1%26ts=1325776558531
XLY%26x=NYSE%26i=300%26p=2d%26f=d,c,v,o,h,l%26df=cpct%26auto=1%26ts=1325776559093
HRBN%26x=NASDAQ%26i=300%26p=2d%26f=d,c,v,o,h,l%26df=cpct%26auto=1%26ts=1325776547687
PPDI%26x=NASDAQ%26i=300%26p=2d%26f=d,c,v,o,h,l%26df=cpct%26auto=1%26ts=1325776564656
PRSP%26x=NASDAQ%26i=300%26p=2d%26f=d,c,v,o,h,l%26df=cpct%26auto=1%26ts=1325776565093
.http://proxyserve.tk Server returned HTTP response code: 500 for URL: http://proxyserve.tk/index.php?e=no_hotlink
SPWRA%26x=NASDAQ%26i=300%26p=2d%26f=d,c,v,o,h,l%26df=cpct%26auto=1%26ts=1325776576906
SPXU%26x=NYSE%26i=300%26p=2d%26f=d,c,v,o,h,l%26df=cpct%26auto=1%26ts=1325776578093
.
Thu Jan 05 17:16:20 EET 2012
RWM%26x=NYSE%26i=300%26p=2d%26f=d,c,v,o,h,l%26df=cpct%26auto=1%26ts=1325776581125
TBT%26x=NYSE%26i=300%26p=2d%26f=d,c,v,o,h,l%26df=cpct%26auto=1%26ts=1325776581906
UWM%26x=NYSE%26i=300%26p=2d%26f=d,c,v,o,h,l%26df=cpct%26auto=1%26ts=1325776590953
SDS%26x=NYSE%26i=300%26p=2d%26f=d,c,v,o,h,l%26df=cpct%26auto=1%26ts=1325776560687
UYM%26x=NYSE%26i=300%26p=2d%26f=d,c,v,o,h,l%26df=cpct%26auto=1%26ts=1325776591546
TMV%26x=NYSE%26i=300%26p=2d%26f=d,c,v,o,h,l%26df=cpct%26auto=1%26ts=1325776591453
VXX%26x=NYSE%26i=300%26p=2d%26f=d,c,v,o,h,l%26df=cpct%26auto=1%26ts=1325776598875
EDZ%26x=NYSE%26i=300%26p=2d%26f=d,c,v,o,h,l%26df=cpct%26auto=1%26ts=1325776601625
SMH%26x=NYSE%26i=300%26p=2d%26f=d,c,v,o,h,l%26df=cpct%26auto=1%26ts=1325776601953
TYH%26x=NYSE%26i=300%26p=2d%26f=d,c,v,o,h,l%26df=cpct%26auto=1%26ts=1325776611250
UCO%26x=NYSE%26i=300%26p=2d%26f=d,c,v,o,h,l%26df=cpct%26auto=1%26ts=1325776611859
XLB%26x=NYSE%26i=300%26p=2d%26f=d,c,v,o,h,l%26df=cpct%26auto=1%26ts=1325776621437
ZSL%26x=NYSE%26i=300%26p=2d%26f=d,c,v,o,h,l%26df=cpct%26auto=1%26ts=1325776637703
SLV%26x=NYSE%26i=300%26p=2d%26f=d,c,v,o,h,l%26df=cpct%26auto=1%26ts=1325776641250
BEXP%26x=NASDAQ%26i=300%26p=2d%26f=d,c,v,o,h,l%26df=cpct%26auto=1%26ts=1325776654937
EDC%26x=NYSE%26i=300%26p=2d%26f=d,c,v,o,h,l%26df=cpct%26auto=1%26ts=1325776660984
ERY%26x=NYSE%26i=300%26p=2d%26f=d,c,v,o,h,l%26df=cpct%26auto=1%26ts=1325776661593
.http://ir2.me/s Connection timed out: connect
FXI%26x=NYSE%26i=300%26p=2d%26f=d,c,v,o,h,l%26df=cpct%26auto=1%26ts=1325776667906
USO%26x=NYSE%26i=300%26p=2d%26f=d,c,v,o,h,l%26df=cpct%26auto=1%26ts=1325776671546
NLC%26x=NYSE%26i=300%26p=2d%26f=d,c,v,o,h,l%26df=cpct%26auto=1%26ts=1325776667406
RSX%26x=NYSE%26i=300%26p=2d%26f=d,c,v,o,h,l%26df=cpct%26auto=1%26ts=1325776674750
GDXJ%26x=NYSE%26i=300%26p=2d%26f=d,c,v,o,h,l%26df=cpct%26auto=1%26ts=1325776677765
DRV%26x=NYSE%26i=300%26p=2d%26f=d,c,v,o,h,l%26df=cpct%26auto=1%26ts=1325776676890
DUG%26x=NYSE%26i=300%26p=2d%26f=d,c,v,o,h,l%26df=cpct%26auto=1%26ts=1325776678906
XLI%26x=NYSE%26i=300%26p=2d%26f=d,c,v,o,h,l%26df=cpct%26auto=1%26ts=1325776681718
FAS%26x=NYSE%26i=300%26p=2d%26f=d,c,v,o,h,l%26df=cpct%26auto=1%26ts=1325776682031
XLY%26x=NYSE%26i=300%26p=2d%26f=d,c,v,o,h,l%26df=cpct%26auto=1%26ts=1325776682640
HRBN%26x=NASDAQ%26i=300%26p=2d%26f=d,c,v,o,h,l%26df=cpct%26auto=1%26ts=1325776687062
INSU%26x=NASDAQ%26i=300%26p=2d%26f=d,c,v,o,h,l%26df=cpct%26auto=1%26ts=1325776688125
PPDI%26x=NASDAQ%26i=300%26p=2d%26f=d,c,v,o,h,l%26df=cpct%26auto=1%26ts=1325776687828
PRSP%26x=NASDAQ%26i=300%26p=2d%26f=d,c,v,o,h,l%26df=cpct%26auto=1%26ts=1325776689000
SPWRA%26x=NASDAQ%26i=300%26p=2d%26f=d,c,v,o,h,l%26df=cpct%26auto=1%26ts=1325776699296
SPXU%26x=NYSE%26i=300%26p=2d%26f=d,c,v,o,h,l%26df=cpct%26auto=1%26ts=1325776701468
.
Thu Jan 05 17:18:23 EET 2012
RWM%26x=NYSE%26i=300%26p=2d%26f=d,c,v,o,h,l%26df=cpct%26auto=1%26ts=1325776704671
TBT%26x=NYSE%26i=300%26p=2d%26f=d,c,v,o,h,l%26df=cpct%26auto=1%26ts=1325776707750
UWM%26x=NYSE%26i=300%26p=2d%26f=d,c,v,o,h,l%26df=cpct%26auto=1%26ts=1325776715265
UYM%26x=NYSE%26i=300%26p=2d%26f=d,c,v,o,h,l%26df=cpct%26auto=1%26ts=1325776716828
TMV%26x=NYSE%26i=300%26p=2d%26f=d,c,v,o,h,l%26df=cpct%26auto=1%26ts=1325776716078
SDS%26x=NYSE%26i=300%26p=2d%26f=d,c,v,o,h,l%26df=cpct%26auto=1%26ts=1325776719562
VXX%26x=NYSE%26i=300%26p=2d%26f=d,c,v,o,h,l%26df=cpct%26auto=1%26ts=1325776724015
EDZ%26x=NYSE%26i=300%26p=2d%26f=d,c,v,o,h,l%26df=cpct%26auto=1%26ts=1325776725906
SMH%26x=NYSE%26i=300%26p=2d%26f=d,c,v,o,h,l%26df=cpct%26auto=1%26ts=1325776727078
TYH%26x=NYSE%26i=300%26p=2d%26f=d,c,v,o,h,l%26df=cpct%26auto=1%26ts=1325776735046
UCO%26x=NYSE%26i=300%26p=2d%26f=d,c,v,o,h,l%26df=cpct%26auto=1%26ts=1325776736218
XLB%26x=NYSE%26i=300%26p=2d%26f=d,c,v,o,h,l%26df=cpct%26auto=1%26ts=1325776746468
ZSL%26x=NYSE%26i=300%26p=2d%26f=d,c,v,o,h,l%26df=cpct%26auto=1%26ts=1325776761203
SLV%26x=NYSE%26i=300%26p=2d%26f=d,c,v,o,h,l%26df=cpct%26auto=1%26ts=1325776771531
BEXP%26x=NASDAQ%26i=300%26p=2d%26f=d,c,v,o,h,l%26df=cpct%26auto=1%26ts=1325776780500
ERY%26x=NYSE%26i=300%26p=2d%26f=d,c,v,o,h,l%26df=cpct%26auto=1%26ts=1325776784531
EDC%26x=NYSE%26i=300%26p=2d%26f=d,c,v,o,h,l%26df=cpct%26auto=1%26ts=1325776784343
FXI%26x=NYSE%26i=300%26p=2d%26f=d,c,v,o,h,l%26df=cpct%26auto=1%26ts=1325776791921
USO%26x=NYSE%26i=300%26p=2d%26f=d,c,v,o,h,l%26df=cpct%26auto=1%26ts=1325776796171
RSX%26x=NYSE%26i=300%26p=2d%26f=d,c,v,o,h,l%26df=cpct%26auto=1%26ts=1325776798281
NLC%26x=NYSE%26i=300%26p=2d%26f=d,c,v,o,h,l%26df=cpct%26auto=1%26ts=1325776799671
GDXJ%26x=NYSE%26i=300%26p=2d%26f=d,c,v,o,h,l%26df=cpct%26auto=1%26ts=1325776801203
DRV%26x=NYSE%26i=300%26p=2d%26f=d,c,v,o,h,l%26df=cpct%26auto=1%26ts=1325776803468
DUG%26x=NYSE%26i=300%26p=2d%26f=d,c,v,o,h,l%26df=cpct%26auto=1%26ts=1325776803671
XLI%26x=NYSE%26i=300%26p=2d%26f=d,c,v,o,h,l%26df=cpct%26auto=1%26ts=1325776805421
FAS%26x=NYSE%26i=300%26p=2d%26f=d,c,v,o,h,l%26df=cpct%26auto=1%26ts=1325776809000
XLY%26x=NYSE%26i=300%26p=2d%26f=d,c,v,o,h,l%26df=cpct%26auto=1%26ts=1325776810125
PPDI%26x=NASDAQ%26i=300%26p=2d%26f=d,c,v,o,h,l%26df=cpct%26auto=1%26ts=1325776813187
PRSP%26x=NASDAQ%26i=300%26p=2d%26f=d,c,v,o,h,l%26df=cpct%26auto=1%26ts=1325776813640
HRBN%26x=NASDAQ%26i=300%26p=2d%26f=d,c,v,o,h,l%26df=cpct%26auto=1%26ts=1325776813015
......
Thu Jan 05 17:20:27 EET 2012
SPWRA%26x=NASDAQ%26i=300%26p=2d%26f=d,c,v,o,h,l%26df=cpct%26auto=1%26ts=1325776830062
SPXU%26x=NYSE%26i=300%26p=2d%26f=d,c,v,o,h,l%26df=cpct%26auto=1%26ts=1325776830281
TAM%26x=NYSE%26i=300%26p=25m%26f=d,c,v,o,h,l%26df=cpct%26auto=1%26ts=1325776831046
RWM%26x=NYSE%26i=300%26p=2d%26f=d,c,v,o,h,l%26df=cpct%26auto=1%26ts=1325776832093
TBT%26x=NYSE%26i=300%26p=2d%26f=d,c,v,o,h,l%26df=cpct%26auto=1%26ts=1325776831718
UWM%26x=NYSE%26i=300%26p=2d%26f=d,c,v,o,h,l%26df=cpct%26auto=1%26ts=1325776838937
UYM%26x=NYSE%26i=300%26p=2d%26f=d,c,v,o,h,l%26df=cpct%26auto=1%26ts=1325776839500
TMV%26x=NYSE%26i=300%26p=2d%26f=d,c,v,o,h,l%26df=cpct%26auto=1%26ts=1325776841984
INSU%26x=NASDAQ%26i=300%26p=2d%26f=d,c,v,o,h,l%26df=cpct%26auto=1%26ts=1325776842109
VXX%26x=NYSE%26i=300%26p=2d%26f=d,c,v,o,h,l%26df=cpct%26auto=1%26ts=1325776848500
SDS%26x=NYSE%26i=300%26p=2d%26f=d,c,v,o,h,l%26df=cpct%26auto=1%26ts=1325776850703
SMH%26x=NYSE%26i=300%26p=2d%26f=d,c,v,o,h,l%26df=cpct%26auto=1%26ts=1325776855625
EDZ%26x=NYSE%26i=300%26p=2d%26f=d,c,v,o,h,l%26df=cpct%26auto=1%26ts=1325776858765
TYH%26x=NYSE%26i=300%26p=2d%26f=d,c,v,o,h,l%26df=cpct%26auto=1%26ts=1325776859890
UCO%26x=NYSE%26i=300%26p=2d%26f=d,c,v,o,h,l%26df=cpct%26auto=1%26ts=1325776862109
XLB%26x=NYSE%26i=300%26p=2d%26f=d,c,v,o,h,l%26df=cpct%26auto=1%26ts=1325776875000
ZSL%26x=NYSE%26i=300%26p=2d%26f=d,c,v,o,h,l%26df=cpct%26auto=1%26ts=1325776887906
SLV%26x=NYSE%26i=300%26p=2d%26f=d,c,v,o,h,l%26df=cpct%26auto=1%26ts=1325776902265
BEXP%26x=NASDAQ%26i=300%26p=2d%26f=d,c,v,o,h,l%26df=cpct%26auto=1%26ts=1325776905437
ERY%26x=NYSE%26i=300%26p=2d%26f=d,c,v,o,h,l%26df=cpct%26auto=1%26ts=1325776908562
FXI%26x=NYSE%26i=300%26p=2d%26f=d,c,v,o,h,l%26df=cpct%26auto=1%26ts=1325776916875
RSX%26x=NYSE%26i=300%26p=2d%26f=d,c,v,o,h,l%26df=cpct%26auto=1%26ts=1325776923171
NLC%26x=NYSE%26i=300%26p=2d%26f=d,c,v,o,h,l%26df=cpct%26auto=1%26ts=1325776924234
EDC%26x=NYSE%26i=300%26p=2d%26f=d,c,v,o,h,l%26df=cpct%26auto=1%26ts=1325776908750
GDXJ%26x=NYSE%26i=300%26p=2d%26f=d,c,v,o,h,l%26df=cpct%26auto=1%26ts=1325776927015
DRV%26x=NYSE%26i=300%26p=2d%26f=d,c,v,o,h,l%26df=cpct%26auto=1%26ts=1325776928765
XLI%26x=NYSE%26i=300%26p=2d%26f=d,c,v,o,h,l%26df=cpct%26auto=1%26ts=1325776932546
DUG%26x=NYSE%26i=300%26p=2d%26f=d,c,v,o,h,l%26df=cpct%26auto=1%26ts=1325776929140
XLY%26x=NYSE%26i=300%26p=2d%26f=d,c,v,o,h,l%26df=cpct%26auto=1%26ts=1325776934140
FAS%26x=NYSE%26i=300%26p=2d%26f=d,c,v,o,h,l%26df=cpct%26auto=1%26ts=1325776934734
PPDI%26x=NASDAQ%26i=300%26p=2d%26f=d,c,v,o,h,l%26df=cpct%26auto=1%26ts=1325776937078
PRSP%26x=NASDAQ%26i=300%26p=2d%26f=d,c,v,o,h,l%26df=cpct%26auto=1%26ts=1325776938343
FICO%26x=NYSE%26i=300%26p=25m%26f=d,c,v,o,h,l%26df=cpct%26auto=1%26ts=1325776918765
HRBN%26x=NASDAQ%26i=300%26p=2d%26f=d,c,v,o,h,l%26df=cpct%26auto=1%26ts=1325776939921
......
Thu Jan 05 17:22:35 EET 2012
SPWRA%26x=NASDAQ%26i=300%26p=2d%26f=d,c,v,o,h,l%26df=cpct%26auto=1%26ts=1325776954171
SPXU%26x=NYSE%26i=300%26p=2d%26f=d,c,v,o,h,l%26df=cpct%26auto=1%26ts=1325776955406
RWM%26x=NYSE%26i=300%26p=2d%26f=d,c,v,o,h,l%26df=cpct%26auto=1%26ts=1325776955921
TBT%26x=NYSE%26i=300%26p=2d%26f=d,c,v,o,h,l%26df=cpct%26auto=1%26ts=1325776961218
TMV%26x=NYSE%26i=300%26p=2d%26f=d,c,v,o,h,l%26df=cpct%26auto=1%26ts=1325776966437
UWM%26x=NYSE%26i=300%26p=2d%26f=d,c,v,o,h,l%26df=cpct%26auto=1%26ts=1325776966546
INSU%26x=NASDAQ%26i=300%26p=2d%26f=d,c,v,o,h,l%26df=cpct%26auto=1%26ts=1325776966750
UYM%26x=NYSE%26i=300%26p=2d%26f=d,c,v,o,h,l%26df=cpct%26auto=1%26ts=1325776967359
SMH%26x=NYSE%26i=300%26p=2d%26f=d,c,v,o,h,l%26df=cpct%26auto=1%26ts=1325776980328
USO%26x=NYSE%26i=300%26p=2d%26f=d,c,v,o,h,l%26df=cpct%26auto=1%26ts=1325776983703
TYH%26x=NYSE%26i=300%26p=2d%26f=d,c,v,o,h,l%26df=cpct%26auto=1%26ts=1325776985140
EDZ%26x=NYSE%26i=300%26p=2d%26f=d,c,v,o,h,l%26df=cpct%26auto=1%26ts=1325776984828
UCO%26x=NYSE%26i=300%26p=2d%26f=d,c,v,o,h,l%26df=cpct%26auto=1%26ts=1325776986875
XLB%26x=NYSE%26i=300%26p=2d%26f=d,c,v,o,h,l%26df=cpct%26auto=1%26ts=1325776998578
VXX%26x=NYSE%26i=300%26p=2d%26f=d,c,v,o,h,l%26df=cpct%26auto=1%26ts=1325777001000
.RCI (D) 05 Jan 10:15
SDS%26x=NYSE%26i=300%26p=2d%26f=d,c,v,o,h,l%26df=cpct%26auto=1%26ts=1325776974968
ZSL%26x=NYSE%26i=300%26p=2d%26f=d,c,v,o,h,l%26df=cpct%26auto=1%26ts=1325777013046
SLV%26x=NYSE%26i=300%26p=2d%26f=d,c,v,o,h,l%26df=cpct%26auto=1%26ts=1325777026671
BEXP%26x=NASDAQ%26i=300%26p=2d%26f=d,c,v,o,h,l%26df=cpct%26auto=1%26ts=1325777030296
ERY%26x=NYSE%26i=300%26p=2d%26f=d,c,v,o,h,l%26df=cpct%26auto=1%26ts=1325777038781
FXI%26x=NYSE%26i=300%26p=2d%26f=d,c,v,o,h,l%26df=cpct%26auto=1%26ts=1325777043593
RSX%26x=NYSE%26i=300%26p=2d%26f=d,c,v,o,h,l%26df=cpct%26auto=1%26ts=1325777048765
NLC%26x=NYSE%26i=300%26p=2d%26f=d,c,v,o,h,l%26df=cpct%26auto=1%26ts=1325777049375
GDXJ%26x=NYSE%26i=300%26p=2d%26f=d,c,v,o,h,l%26df=cpct%26auto=1%26ts=1325777050359
EDC%26x=NYSE%26i=300%26p=2d%26f=d,c,v,o,h,l%26df=cpct%26auto=1%26ts=1325777056765
DRV%26x=NYSE%26i=300%26p=2d%26f=d,c,v,o,h,l%26df=cpct%26auto=1%26ts=1325777057500
DUG%26x=NYSE%26i=300%26p=2d%26f=d,c,v,o,h,l%26df=cpct%26auto=1%26ts=1325777057875
XLI%26x=NYSE%26i=300%26p=2d%26f=d,c,v,o,h,l%26df=cpct%26auto=1%26ts=1325777059468
PPDI%26x=NASDAQ%26i=300%26p=2d%26f=d,c,v,o,h,l%26df=cpct%26auto=1%26ts=1325777061484
PRSP%26x=NASDAQ%26i=300%26p=2d%26f=d,c,v,o,h,l%26df=cpct%26auto=1%26ts=1325777062453
XLY%26x=NYSE%26i=300%26p=2d%26f=d,c,v,o,h,l%26df=cpct%26auto=1%26ts=1325777063625
HRBN%26x=NASDAQ%26i=300%26p=2d%26f=d,c,v,o,h,l%26df=cpct%26auto=1%26ts=1325777064890
